residue atom_inclusion atom_inclusion_backbone atom_inclusion_base
1.000000000000000 0.000000000000000 0.000000000000000 0.000000000000000
2.000000000000000 0.695652173913043 0.583333333333333 0.818181818181818
3.000000000000000 0.909090909090909 0.833333333333333 1.000000000000000
4.000000000000000 0.739130434782609 0.500000000000000 1.000000000000000
5.000000000000000 0.750000000000000 0.666666666666667 0.875000000000000
6.000000000000000 0.136363636363636 0.083333333333333 0.200000000000000
7.000000000000000 0.400000000000000 0.000000000000000 1.000000000000000
8.000000000000000 0.400000000000000 0.000000000000000 1.000000000000000
9.000000000000000 0.304347826086957 0.000000000000000 0.636363636363636
10.000000000000000 0.050000000000000 0.000000000000000 0.125000000000000
11.000000000000000 0.173913043478261 0.000000000000000 0.363636363636364
12.000000000000000 0.000000000000000 0.000000000000000 0.000000000000000
13.000000000000000 0.150000000000000 0.166666666666667 0.125000000000000
14.000000000000000 0.550000000000000 0.666666666666667 0.375000000000000
15.000000000000000 0.950000000000000 1.000000000000000 0.875000000000000
16.000000000000000 0.909090909090909 0.833333333333333 1.000000000000000
17.000000000000000 0.681818181818182 0.416666666666667 1.000000000000000
18.000000000000000 0.608695652173913 0.250000000000000 1.000000000000000
19.000000000000000 0.450000000000000 0.250000000000000 0.750000000000000
20.000000000000000 0.608695652173913 0.250000000000000 1.000000000000000
21.000000000000000 0.600000000000000 0.583333333333333 0.625000000000000
22.000000000000000 0.450000000000000 0.500000000000000 0.375000000000000
23.000000000000000 0.600000000000000 0.666666666666667 0.500000000000000
24.000000000000000 0.600000000000000 0.750000000000000 0.375000000000000
25.000000000000000 0.772727272727273 0.750000000000000 0.800000000000000
26.000000000000000 0.900000000000000 0.833333333333333 1.000000000000000
27.000000000000000 1.000000000000000 1.000000000000000 1.000000000000000
28.000000000000000 0.869565217391304 0.750000000000000 1.000000000000000
29.000000000000000 1.000000000000000 1.000000000000000 1.000000000000000
30.000000000000000 0.900000000000000 0.833333333333333 1.000000000000000
31.000000000000000 0.863636363636364 0.750000000000000 1.000000000000000
32.000000000000000 0.900000000000000 0.833333333333333 1.000000000000000
33.000000000000000 0.863636363636364 0.750000000000000 1.000000000000000
34.000000000000000 0.409090909090909 0.500000000000000 0.300000000000000
35.000000000000000 0.450000000000000 0.333333333333333 0.625000000000000
36.000000000000000 0.181818181818182 0.000000000000000 0.400000000000000
37.000000000000000 0.200000000000000 0.000000000000000 0.500000000000000
38.000000000000000 0.000000000000000 0.000000000000000 0.000000000000000
39.000000000000000 0.000000000000000 0.000000000000000 0.000000000000000
40.000000000000000 0.000000000000000 0.000000000000000 0.000000000000000
41.000000000000000 0.347826086956522 0.083333333333333 0.636363636363636
42.000000000000000 0.100000000000000 0.166666666666667 0.000000000000000
43.000000000000000 0.000000000000000 0.000000000000000 0.000000000000000
44.000000000000000 0.000000000000000 0.000000000000000 0.000000000000000
45.000000000000000 0.000000000000000 0.000000000000000 0.000000000000000
46.000000000000000 0.000000000000000 0.000000000000000 0.000000000000000
47.000000000000000 0.000000000000000 0.000000000000000 0.000000000000000
48.000000000000000 0.600000000000000 0.583333333333333 0.625000000000000
49.000000000000000 0.956521739130435 0.916666666666667 1.000000000000000
50.000000000000000 0.826086956521739 1.000000000000000 0.636363636363636
51.000000000000000 0.695652173913043 0.833333333333333 0.545454545454545
52.000000000000000 0.400000000000000 0.333333333333333 0.500000000000000
53.000000000000000 0.304347826086957 0.333333333333333 0.272727272727273
54.000000000000000 0.500000000000000 0.166666666666667 1.000000000000000
55.000000000000000 0.826086956521739 0.666666666666667 1.000000000000000
56.000000000000000 0.850000000000000 0.750000000000000 1.000000000000000
57.000000000000000 0.782608695652174 0.583333333333333 1.000000000000000
58.000000000000000 0.695652173913043 0.416666666666667 1.000000000000000
59.000000000000000 0.500000000000000 0.166666666666667 1.000000000000000
60.000000000000000 0.590909090909091 0.250000000000000 1.000000000000000
61.000000000000000 0.454545454545455 0.500000000000000 0.400000000000000
62.000000000000000 0.150000000000000 0.000000000000000 0.375000000000000
63.000000000000000 0.150000000000000 0.166666666666667 0.125000000000000
64.000000000000000 0.950000000000000 0.916666666666667 1.000000000000000
65.000000000000000 0.913043478260870 0.916666666666667 0.909090909090909
66.000000000000000 1.000000000000000 1.000000000000000 1.000000000000000
67.000000000000000 1.000000000000000 1.000000000000000 1.000000000000000
68.000000000000000 1.000000000000000 1.000000000000000 1.000000000000000
69.000000000000000 1.000000000000000 1.000000000000000 1.000000000000000
70.000000000000000 1.000000000000000 1.000000000000000 1.000000000000000
71.000000000000000 0.950000000000000 0.916666666666667 1.000000000000000
72.000000000000000 0.954545454545455 0.916666666666667 1.000000000000000
73.000000000000000 1.000000000000000 1.000000000000000 1.000000000000000
74.000000000000000 1.000000000000000 1.000000000000000 1.000000000000000
75.000000000000000 1.000000000000000 1.000000000000000 1.000000000000000
76.000000000000000 0.700000000000000 0.666666666666667 0.750000000000000
77.000000000000000 0.478260869565217 0.250000000000000 0.727272727272727
78.000000000000000 0.450000000000000 0.166666666666667 0.875000000000000
79.000000000000000 0.350000000000000 0.000000000000000 0.875000000000000
80.000000000000000 0.400000000000000 0.000000000000000 1.000000000000000
81.000000000000000 0.600000000000000 0.333333333333333 1.000000000000000
82.000000000000000 0.000000000000000 0.000000000000000 0.000000000000000
83.000000000000000 0.000000000000000 0.000000000000000 0.000000000000000
84.000000000000000 0.782608695652174 0.583333333333333 1.000000000000000
85.000000000000000 1.000000000000000 1.000000000000000 1.000000000000000
86.000000000000000 0.956521739130435 1.000000000000000 0.909090909090909
87.000000000000000 0.826086956521739 0.750000000000000 0.909090909090909
88.000000000000000 0.950000000000000 0.916666666666667 1.000000000000000
89.000000000000000 0.800000000000000 0.666666666666667 1.000000000000000
90.000000000000000 0.913043478260870 0.833333333333333 1.000000000000000
91.000000000000000 0.826086956521739 0.666666666666667 1.000000000000000
92.000000000000000 0.850000000000000 0.750000000000000 1.000000000000000
93.000000000000000 0.913043478260870 0.833333333333333 1.000000000000000
94.000000000000000 0.850000000000000 0.833333333333333 0.875000000000000
95.000000000000000 0.869565217391304 0.750000000000000 1.000000000000000
96.000000000000000 0.782608695652174 0.750000000000000 0.818181818181818
97.000000000000000 0.950000000000000 0.916666666666667 1.000000000000000
98.000000000000000 0.850000000000000 0.750000000000000 1.000000000000000
99.000000000000000 0.800000000000000 0.666666666666667 1.000000000000000
100.000000000000000 0.750000000000000 0.583333333333333 1.000000000000000
101.000000000000000 0.650000000000000 0.416666666666667 1.000000000000000
102.000000000000000 0.850000000000000 0.750000000000000 1.000000000000000
103.000000000000000 0.863636363636364 0.750000000000000 1.000000000000000
104.000000000000000 0.454545454545455 0.000000000000000 1.000000000000000
105.000000000000000 0.000000000000000 0.000000000000000 0.000000000000000
106.000000000000000 0.000000000000000 0.000000000000000 0.000000000000000
107.000000000000000 0.000000000000000 0.000000000000000 0.000000000000000
108.000000000000000 0.782608695652174 0.583333333333333 1.000000000000000
109.000000000000000 0.750000000000000 0.583333333333333 1.000000000000000
110.000000000000000 1.000000000000000 1.000000000000000 1.000000000000000
111.000000000000000 0.954545454545455 0.916666666666667 1.000000000000000
112.000000000000000 0.826086956521739 0.666666666666667 1.000000000000000
113.000000000000000 0.652173913043478 0.333333333333333 1.000000000000000
114.000000000000000 0.652173913043478 0.500000000000000 0.818181818181818
115.000000000000000 0.913043478260870 0.833333333333333 1.000000000000000
116.000000000000000 1.000000000000000 1.000000000000000 1.000000000000000
117.000000000000000 1.000000000000000 1.000000000000000 1.000000000000000
118.000000000000000 0.909090909090909 0.916666666666667 0.900000000000000
119.000000000000000 0.913043478260870 0.916666666666667 0.909090909090909
120.000000000000000 0.700000000000000 0.500000000000000 1.000000000000000
121.000000000000000 0.636363636363636 0.333333333333333 1.000000000000000
122.000000000000000 0.550000000000000 0.250000000000000 1.000000000000000
123.000000000000000 0.590909090909091 0.250000000000000 1.000000000000000
124.000000000000000 1.000000000000000 1.000000000000000 1.000000000000000
125.000000000000000 0.909090909090909 0.916666666666667 0.900000000000000
126.000000000000000 0.869565217391304 0.916666666666667 0.818181818181818
127.000000000000000 0.850000000000000 0.833333333333333 0.875000000000000
128.000000000000000 0.954545454545455 0.916666666666667 1.000000000000000
129.000000000000000 0.695652173913043 0.416666666666667 1.000000000000000
130.000000000000000 0.500000000000000 0.083333333333333 1.000000000000000
131.000000000000000 0.478260869565217 0.000000000000000 1.000000000000000
132.000000000000000 0.450000000000000 0.083333333333333 1.000000000000000
133.000000000000000 0.650000000000000 0.416666666666667 1.000000000000000
134.000000000000000 0.850000000000000 0.750000000000000 1.000000000000000
135.000000000000000 0.750000000000000 0.666666666666667 0.875000000000000
